# JRE version: Java(TM) SE Runtime Environment (8.0_112-b15) (build 1.8.0_112-b15)
# Java VM: Java HotSpot(TM) 64-Bit Server VM (25.112-b15 mixed mode windows-amd64 compressed oops)
Heap:
 PSYoungGen      total 201216K, used 172603K [0x00000000f0000000, 0x0000000100000000, 0x0000000100000000)
  eden space 141312K, 98% used [0x00000000f0000000,0x00000000f87947d0,0x00000000f8a00000)
  from space 59904K, 56% used [0x00000000f8a00000,0x00000000faafa4b0,0x00000000fc480000)
  to   space 57856K, 0% used [0x00000000fc780000,0x00000000fc780000,0x0000000100000000)
 ParOldGen       total 524288K, used 112072K [0x00000000d0000000, 0x00000000f0000000, 0x00000000f0000000)
  object space 524288K, 21% used [0x00000000d0000000,0x00000000d6d721d0,0x00000000f0000000)
 Metaspace       used 78356K, capacity 83112K, committed 83200K, reserved 1122304K
  class space    used 9991K, capacity 11216K, committed 11264K, reserved 1048576K
GC Heap History (10 events):
Event: 3381.587 GC heap before
{Heap before GC invocations=38 (full 3):
 PSYoungGen      total 203776K, used 186925K [0x00000000f0000000, 0x0000000100000000, 0x0000000100000000)
  eden space 148480K, 99% used [0x00000000f0000000,0x00000000f90b6f38,0x00000000f9100000)
  from space 55296K, 70% used [0x00000000fca00000,0x00000000fefd47f0,0x0000000100000000)
  to   space 56832K, 0% used [0x00000000f9100000,0x00000000f9100000,0x00000000fc880000)
 ParOldGen       total 524288K, used 106343K [0x00000000d0000000, 0x00000000f0000000, 0x00000000f0000000)
  object space 524288K, 20% used [0x00000000d0000000,0x00000000d67d9cd8,0x00000000f0000000)
 Metaspace       used 78041K, capacity 82480K, committed 82560K, reserved 1120256K
  class space    used 9925K, capacity 11112K, committed 11136K, reserved 1048576K
Event: 3381.625 GC heap after
Heap after GC invocations=38 (full 3):
 PSYoungGen      total 189440K, used 42373K [0x00000000f0000000, 0x0000000100000000, 0x0000000100000000)
  eden space 146944K, 0% used [0x00000000f0000000,0x00000000f0000000,0x00000000f8f80000)
  from space 42496K, 99% used [0x00000000f9100000,0x00000000fba61708,0x00000000fba80000)
  to   space 59392K, 0% used [0x00000000fc600000,0x00000000fc600000,0x0000000100000000)
 ParOldGen       total 524288K, used 106351K [0x00000000d0000000, 0x00000000f0000000, 0x00000000f0000000)
  object space 524288K, 20% used [0x00000000d0000000,0x00000000d67dbcd8,0x00000000f0000000)
 Metaspace       used 78041K, capacity 82480K, committed 82560K, reserved 1120256K
  class space    used 9925K, capacity 11112K, committed 11136K, reserved 1048576K
}
Event: 3562.988 GC heap before
{Heap before GC invocations=39 (full 3):
 PSYoungGen      total 189440K, used 189166K [0x00000000f0000000, 0x0000000100000000, 0x0000000100000000)
  eden space 146944K, 99% used [0x00000000f0000000,0x00000000f8f5a340,0x00000000f8f80000)
  from space 42496K, 99% used [0x00000000f9100000,0x00000000fba61708,0x00000000fba80000)
  to   space 59392K, 0% used [0x00000000fc600000,0x00000000fc600000,0x0000000100000000)
 ParOldGen       total 524288K, used 106351K [0x00000000d0000000, 0x00000000f0000000, 0x00000000f0000000)
  object space 524288K, 20% used [0x00000000d0000000,0x00000000d67dbcd8,0x00000000f0000000)
 Metaspace       used 78106K, capacity 82666K, committed 82944K, reserved 1120256K
  class space    used 9942K, capacity 11143K, committed 11264K, reserved 1048576K
Event: 3563.021 GC heap after
Heap after GC invocations=39 (full 3):
 PSYoungGen      total 199680K, used 41274K [0x00000000f0000000, 0x0000000100000000, 0x0000000100000000)
  eden space 140288K, 0% used [0x00000000f0000000,0x00000000f0000000,0x00000000f8900000)
  from space 59392K, 69% used [0x00000000fc600000,0x00000000fee4eb38,0x0000000100000000)
  to   space 60928K, 0% used [0x00000000f8900000,0x00000000f8900000,0x00000000fc480000)
 ParOldGen       total 524288K, used 106359K [0x00000000d0000000, 0x00000000f0000000, 0x00000000f0000000)
  object space 524288K, 20% used [0x00000000d0000000,0x00000000d67ddcd8,0x00000000f0000000)
 Metaspace       used 78106K, capacity 82666K, committed 82944K, reserved 1120256K
  class space    used 9942K, capacity 11143K, committed 11264K, reserved 1048576K
}
Event: 3625.246 GC heap before
{Heap before GC invocations=40 (full 3):
 PSYoungGen      total 199680K, used 180644K [0x00000000f0000000, 0x0000000100000000, 0x0000000100000000)
  eden space 140288K, 99% used [0x00000000f0000000,0x00000000f881a7d8,0x00000000f8900000)
  from space 59392K, 69% used [0x00000000fc600000,0x00000000fee4eb38,0x0000000100000000)
  to   space 60928K, 0% used [0x00000000f8900000,0x00000000f8900000,0x00000000fc480000)
 ParOldGen       total 524288K, used 106359K [0x00000000d0000000, 0x00000000f0000000, 0x00000000f0000000)
  object space 524288K, 20% used [0x00000000d0000000,0x00000000d67ddcd8,0x00000000f0000000)
 Metaspace       used 78216K, capacity 82916K, committed 83200K, reserved 1122304K
  class space    used 9959K, capacity 11174K, committed 11264K, reserved 1048576K
Event: 3625.274 GC heap after
Heap after GC invocations=40 (full 3):
 PSYoungGen      total 201216K, used 39352K [0x00000000f0000000, 0x0000000100000000, 0x0000000100000000)
  eden space 140288K, 0% used [0x00000000f0000000,0x00000000f0000000,0x00000000f8900000)
  from space 60928K, 64% used [0x00000000f8900000,0x00000000faf6e360,0x00000000fc480000)
  to   space 60928K, 0% used [0x00000000fc480000,0x00000000fc480000,0x0000000100000000)
 ParOldGen       total 524288K, used 106367K [0x00000000d0000000, 0x00000000f0000000, 0x00000000f0000000)
  object space 524288K, 20% used [0x00000000d0000000,0x00000000d67dfcd8,0x00000000f0000000)
 Metaspace       used 78216K, capacity 82916K, committed 83200K, reserved 1122304K
  class space    used 9959K, capacity 11174K, committed 11264K, reserved 1048576K
}
Event: 3687.322 GC heap before
{Heap before GC invocations=41 (full 3):
 PSYoungGen      total 201216K, used 179276K [0x00000000f0000000, 0x0000000100000000, 0x0000000100000000)
  eden space 140288K, 99% used [0x00000000f0000000,0x00000000f88a5080,0x00000000f8900000)
  from space 60928K, 64% used [0x00000000f8900000,0x00000000faf6e360,0x00000000fc480000)
  to   space 60928K, 0% used [0x00000000fc480000,0x00000000fc480000,0x0000000100000000)
 ParOldGen       total 524288K, used 106367K [0x00000000d0000000, 0x00000000f0000000, 0x00000000f0000000)
  object space 524288K, 20% used [0x00000000d0000000,0x00000000d67dfcd8,0x00000000f0000000)
 Metaspace       used 78353K, capacity 83112K, committed 83200K, reserved 1122304K
  class space    used 9990K, capacity 11216K, committed 11264K, reserved 1048576K
Event: 3687.348 GC heap after
Heap after GC invocations=41 (full 3):
 PSYoungGen      total 202240K, used 36106K [0x00000000f0000000, 0x0000000100000000, 0x0000000100000000)
  eden space 141312K, 0% used [0x00000000f0000000,0x00000000f0000000,0x00000000f8a00000)
  from space 60928K, 59% used [0x00000000fc480000,0x00000000fe7c2ac8,0x0000000100000000)
  to   space 59904K, 0% used [0x00000000f8a00000,0x00000000f8a00000,0x00000000fc480000)
 ParOldGen       total 524288K, used 110216K [0x00000000d0000000, 0x00000000f0000000, 0x00000000f0000000)
  object space 524288K, 21% used [0x00000000d0000000,0x00000000d6ba21d0,0x00000000f0000000)
 Metaspace       used 78353K, capacity 83112K, committed 83200K, reserved 1122304K
  class space    used 9990K, capacity 11216K, committed 11264K, reserved 1048576K
}
Event: 3713.114 GC heap before
{Heap before GC invocations=42 (full 3):
 PSYoungGen      total 202240K, used 177414K [0x00000000f0000000, 0x0000000100000000, 0x0000000100000000)
  eden space 141312K, 99% used [0x00000000f0000000,0x00000000f89ff030,0x00000000f8a00000)
  from space 60928K, 59% used [0x00000000fc480000,0x00000000fe7c2ac8,0x0000000100000000)
  to   space 59904K, 0% used [0x00000000f8a00000,0x00000000f8a00000,0x00000000fc480000)
 ParOldGen       total 524288K, used 110216K [0x00000000d0000000, 0x00000000f0000000, 0x00000000f0000000)
  object space 524288K, 21% used [0x00000000d0000000,0x00000000d6ba21d0,0x00000000f0000000)
 Metaspace       used 78356K, capacity 83112K, committed 83200K, reserved 1122304K
  class space    used 9991K, capacity 11216K, committed 11264K, reserved 1048576K
Event: 3713.138 GC heap after
Heap after GC invocations=42 (full 3):
 PSYoungGen      total 201216K, used 33769K [0x00000000f0000000, 0x0000000100000000, 0x0000000100000000)
  eden space 141312K, 0% used [0x00000000f0000000,0x00000000f0000000,0x00000000f8a00000)
  from space 59904K, 56% used [0x00000000f8a00000,0x00000000faafa4b0,0x00000000fc480000)
  to   space 57856K, 0% used [0x00000000fc780000,0x00000000fc780000,0x0000000100000000)
 ParOldGen       total 524288K, used 112072K [0x00000000d0000000, 0x00000000f0000000, 0x00000000f0000000)
  object space 524288K, 21% used [0x00000000d0000000,0x00000000d6d721d0,0x00000000f0000000)
 Metaspace       used 78356K, capacity 83112K, committed 83200K, reserved 1122304K
  class space    used 9991K, capacity 11216K, committed 11264K, reserved 1048576K
}

